<?xml version="1.0" encoding="UTF-8"?>
<testsuite name="com.padoling.portfolio.august.service.files.FilesServiceTest" tests="2" skipped="0" failures="0" errors="0" timestamp="2020-03-05T07:16:41" hostname="Serim" time="0.313">
  <properties/>
  <testcase name="testFilesSave" classname="com.padoling.portfolio.august.service.files.FilesServiceTest" time="0.191"/>
  <testcase name="testLoadResource" classname="com.padoling.portfolio.august.service.files.FilesServiceTest" time="0.116"/>
  <system-out><![CDATA[2020-03-05 16:16:40.980  INFO 22612 --- [    Test worker] .b.t.c.SpringBootTestContextBootstrapper : Neither @ContextConfiguration nor @ContextHierarchy found for test class [com.padoling.portfolio.august.service.files.FilesServiceTest], using SpringBootContextLoader
2020-03-05 16:16:40.995  INFO 22612 --- [    Test worker] o.s.t.c.support.AbstractContextLoader    : Could not detect default resource locations for test class [com.padoling.portfolio.august.service.files.FilesServiceTest]: no resource found for suffixes {-context.xml, Context.groovy}.
2020-03-05 16:16:41.000  INFO 22612 --- [    Test worker] t.c.s.AnnotationConfigContextLoaderUtils : Could not detect default configuration classes for test class [com.padoling.portfolio.august.service.files.FilesServiceTest]: FilesServiceTest does not declare any static, non-private, non-final, nested classes annotated with @Configuration.
2020-03-05 16:16:41.065  INFO 22612 --- [    Test worker] .b.t.c.SpringBootTestContextBootstrapper : Found @SpringBootConfiguration com.padoling.portfolio.august.Application for test class com.padoling.portfolio.august.service.files.FilesServiceTest
2020-03-05 16:16:41.094  INFO 22612 --- [    Test worker] .b.t.c.SpringBootTestContextBootstrapper : Loaded default TestExecutionListener class names from location [META-INF/spring.factories]: [org.springframework.security.test.context.support.WithSecurityContextTestExecutionListener, org.springframework.security.test.context.support.ReactorContextTestExecutionListener, org.springframework.boot.test.autoconfigure.restdocs.RestDocsTestExecutionListener, org.springframework.boot.test.autoconfigure.web.client.MockRestServiceServerResetTestExecutionListener, org.springframework.boot.test.autoconfigure.web.servlet.MockMvcPrintOnlyOnFailureTestExecutionListener, org.springframework.boot.test.autoconfigure.web.servlet.WebDriverTestExecutionListener, org.springframework.boot.test.mock.mockito.MockitoTestExecutionListener, org.springframework.boot.test.mock.mockito.ResetMocksTestExecutionListener, org.springframework.test.context.web.ServletTestExecutionListener, org.springframework.test.context.support.DirtiesContextBeforeModesTestExecutionListener, org.springframework.test.context.support.DependencyInjectionTestExecutionListener, org.springframework.test.context.support.DirtiesContextTestExecutionListener, org.springframework.test.context.transaction.TransactionalTestExecutionListener, org.springframework.test.context.jdbc.SqlScriptsTestExecutionListener]
2020-03-05 16:16:41.156  INFO 22612 --- [    Test worker] .b.t.c.SpringBootTestContextBootstrapper : Using TestExecutionListeners: [org.springframework.test.context.web.ServletTestExecutionListener@23a2f0a6, org.springframework.test.context.support.DirtiesContextBeforeModesTestExecutionListener@3775a6e1, org.springframework.boot.test.mock.mockito.MockitoTestExecutionListener@25924db4, org.springframework.boot.test.autoconfigure.SpringBootDependencyInjectionTestExecutionListener@6ba44438, org.springframework.test.context.support.DirtiesContextTestExecutionListener@5f37be2a, org.springframework.test.context.transaction.TransactionalTestExecutionListener@45ef5983, org.springframework.test.context.jdbc.SqlScriptsTestExecutionListener@72275367, org.springframework.security.test.context.support.WithSecurityContextTestExecutionListener@3b6b4c9f, org.springframework.security.test.context.support.ReactorContextTestExecutionListener@594f6336, org.springframework.boot.test.autoconfigure.restdocs.RestDocsTestExecutionListener@66d31add, org.springframework.boot.test.autoconfigure.web.client.MockRestServiceServerResetTestExecutionListener@2ea7c10b, org.springframework.boot.test.autoconfigure.web.servlet.MockMvcPrintOnlyOnFailureTestExecutionListener@4fc96ff4, org.springframework.boot.test.autoconfigure.web.servlet.WebDriverTestExecutionListener@6d3df3e8, org.springframework.boot.test.mock.mockito.ResetMocksTestExecutionListener@13c60960]
Hibernate: insert into files (file_id, created_date, modified_date, content_type, file_path, original_name, saved_name, size) values (null, ?, ?, ?, ?, ?, ?, ?)
Hibernate: select files0_.file_id as file_id1_1_, files0_.created_date as created_2_1_, files0_.modified_date as modified3_1_, files0_.content_type as content_4_1_, files0_.file_path as file_pat5_1_, files0_.original_name as original6_1_, files0_.saved_name as saved_na7_1_, files0_.size as size8_1_ from files files0_
Hibernate: select files0_.file_id as file_id1_1_, files0_.created_date as created_2_1_, files0_.modified_date as modified3_1_, files0_.content_type as content_4_1_, files0_.file_path as file_pat5_1_, files0_.original_name as original6_1_, files0_.saved_name as saved_na7_1_, files0_.size as size8_1_ from files files0_
Hibernate: delete from files where file_id=?
Hibernate: insert into files (file_id, created_date, modified_date, content_type, file_path, original_name, saved_name, size) values (null, ?, ?, ?, ?, ?, ?, ?)
Hibernate: select files0_.file_id as file_id1_1_0_, files0_.created_date as created_2_1_0_, files0_.modified_date as modified3_1_0_, files0_.content_type as content_4_1_0_, files0_.file_path as file_pat5_1_0_, files0_.original_name as original6_1_0_, files0_.saved_name as saved_na7_1_0_, files0_.size as size8_1_0_ from files files0_ where files0_.file_id=?
Hibernate: select files0_.file_id as file_id1_1_, files0_.created_date as created_2_1_, files0_.modified_date as modified3_1_, files0_.content_type as content_4_1_, files0_.file_path as file_pat5_1_, files0_.original_name as original6_1_, files0_.saved_name as saved_na7_1_, files0_.size as size8_1_ from files files0_
Hibernate: delete from files where file_id=?
]]></system-out>
  <system-err><![CDATA[]]></system-err>
</testsuite>
